Determining if the pthread_create exist failed with the following output:
Change Dir: /home/mattm1005/catkin_ws/src/Robotics_Project/build/CMakeFiles/CMakeTmp

Run Build Command:"/usr/bin/make" "cmTC_cc269/fast"
/usr/bin/make -f CMakeFiles/cmTC_cc269.dir/build.make CMakeFiles/cmTC_cc269.dir/build
make[1]: Entering directory '/home/mattm1005/catkin_ws/src/Robotics_Project/build/CMakeFiles/CMakeTmp'
Building C object CMakeFiles/cmTC_cc269.dir/CheckSymbolExists.c.o
/usr/bin/cc    -o CMakeFiles/cmTC_cc269.dir/CheckSymbolExists.c.o   -c /home/mattm1005/catkin_ws/src/Robotics_Project/build/CMakeFiles/CMakeTmp/CheckSymbolExists.c
Linking C executable cmTC_cc269
/usr/local/bin/cmake -E cmake_link_script CMakeFiles/cmTC_cc269.dir/link.txt --verbose=1
/usr/bin/cc      -rdynamic CMakeFiles/cmTC_cc269.dir/CheckSymbolExists.c.o  -o cmTC_cc269 
CMakeFiles/cmTC_cc269.dir/CheckSymbolExists.c.o: In function `main':
CheckSymbolExists.c:(.text+0x16): undefined reference to `pthread_create'
collect2: error: ld returned 1 exit status
CMakeFiles/cmTC_cc269.dir/build.make:86: recipe for target 'cmTC_cc269' failed
make[1]: *** [cmTC_cc269] Error 1
make[1]: Leaving directory '/home/mattm1005/catkin_ws/src/Robotics_Project/build/CMakeFiles/CMakeTmp'
Makefile:121: recipe for target 'cmTC_cc269/fast' failed
make: *** [cmTC_cc269/fast] Error 2

File /home/mattm1005/catkin_ws/src/Robotics_Project/build/CMakeFiles/CMakeTmp/CheckSymbolExists.c:
/* */
#include <pthread.h>

int main(int argc, char** argv)
{
  (void)argv;
#ifndef pthread_create
  return ((int*)(&pthread_create))[argc];
#else
  (void)argc;
  return 0;
#endif
}

Determining if the function pthread_create exists in the pthreads failed with the following output:
Change Dir: /home/mattm1005/catkin_ws/src/Robotics_Project/build/CMakeFiles/CMakeTmp

Run Build Command:"/usr/bin/make" "cmTC_d41d1/fast"
/usr/bin/make -f CMakeFiles/cmTC_d41d1.dir/build.make CMakeFiles/cmTC_d41d1.dir/build
make[1]: Entering directory '/home/mattm1005/catkin_ws/src/Robotics_Project/build/CMakeFiles/CMakeTmp'
Building C object CMakeFiles/cmTC_d41d1.dir/CheckFunctionExists.c.o
/usr/bin/cc   -DCHECK_FUNCTION_EXISTS=pthread_create   -o CMakeFiles/cmTC_d41d1.dir/CheckFunctionExists.c.o   -c /usr/local/share/cmake-3.13/Modules/CheckFunctionExists.c
Linking C executable cmTC_d41d1
/usr/local/bin/cmake -E cmake_link_script CMakeFiles/cmTC_d41d1.dir/link.txt --verbose=1
/usr/bin/cc  -DCHECK_FUNCTION_EXISTS=pthread_create    -rdynamic CMakeFiles/cmTC_d41d1.dir/CheckFunctionExists.c.o  -o cmTC_d41d1 -lpthreads 
/usr/bin/ld: cannot find -lpthreads
collect2: error: ld returned 1 exit status
CMakeFiles/cmTC_d41d1.dir/build.make:86: recipe for target 'cmTC_d41d1' failed
make[1]: *** [cmTC_d41d1] Error 1
make[1]: Leaving directory '/home/mattm1005/catkin_ws/src/Robotics_Project/build/CMakeFiles/CMakeTmp'
Makefile:121: recipe for target 'cmTC_d41d1/fast' failed
make: *** [cmTC_d41d1/fast] Error 2


